08.01.2023 21:12 | Scene-Ex-K-Lamp-Kapkan | 0h 0m 33s
08.01.2023 21:14 | Scene-Ex-K-Lamp-Kapkan | 0h 0m 31s
09.27.2023 23:48 | Scene-ConcertHall | 0h 1m 11s
09.27.2023 23:50 | Scene-ConcertHall | 0h 1m 10s
09.27.2023 23:55 | Scene-ConcertHall | 0h 1m 30s
09.28.2023 00:01 | Scene-ConcertHall | 0h 1m 21s
09.28.2023 00:05 | Scene-ConcertHall | 0h 1m 25s
09.28.2023 00:09 | Scene-ConcertHall | 0h 1m 32s
09.28.2023 00:12 | Scene-ConcertHall | 0h 1m 41s
09.28.2023 00:17 | Scene-ConcertHall | 0h 1m 39s
09.28.2023 00:25 | Scene-ConcertHall | 0h 2m 30s
09.28.2023 00:29 | Scene-ConcertHall | 0h 2m 17s
09.28.2023 00:51 | Scene-ConcertHall | 0h 2m 18s
09.28.2023 00:55 | Scene-ConcertHall | 0h 2m 5s
09.28.2023 00:58 | Scene-ConcertHall | 0h 2m 2s
09.28.2023 01:03 | Scene-ConcertHall | 0h 1m 52s
09.28.2023 01:07 | Scene-ConcertHall | 0h 2m 6s
09.28.2023 01:19 | Scene-ConcertHall | 0h 2m 2s
09.29.2023 00:32 | Scene-ConcertHall | 0h 3m 12s
09.29.2023 00:37 | Scene-ConcertHall | 0h 2m 28s
09.29.2023 00:40 | Scene-ConcertHall | 0h 2m 14s
09.29.2023 00:54 | Scene-ConcertHall | 0h 2m 23s
09.29.2023 01:06 | Scene-ConcertHall | 0h 2m 23s
09.29.2023 01:15 | Scene-ConcertHall | 0h 1m 37s
09.29.2023 01:17 | Scene-ConcertHall | 0h 1m 29s
09.29.2023 01:35 | Scene-ConcertHall | 0h 1m 47s
09.29.2023 01:38 | Scene-ConcertHall | 0h 1m 48s
09.29.2023 01:41 | Scene-ConcertHall | 0h 1m 44s
09.29.2023 01:44 | Scene-ConcertHall | 0h 1m 53s
09.29.2023 01:59 | Scene-ConcertHall | 0h 1m 48s
09.29.2023 02:58 | Scene-ConcertHall | 0h 2m 15s
09.29.2023 03:01 | Scene-ConcertHall | 0h 2m 1s
<<<<<<< Updated upstream
10.15.2023 01:43 | Scene-ConcertHall | 0h 2m 40s
10.15.2023 01:47 | Scene-ConcertHall | 0h 2m 35s
10.15.2023 01:50 | Scene-ConcertHall | 0h 0m 39s
10.15.2023 11:44 | Scene-ConcertHall | 0h 0m 43s
10.15.2023 11:48 | Scene-ConcertHall | 0h 0m 40s
10.15.2023 12:01 | Scene-ConcertHall | 0h 0m 40s
10.15.2023 12:08 | Scene-ConcertHall | 0h 0m 39s
10.15.2023 19:06 | Scene-ConcertHall | 0h 0m 36s
10.15.2023 19:09 | Scene-ConcertHall | 0h 0m 34s
10.15.2023 19:11 | Scene-ConcertHall | 0h 0m 36s
10.15.2023 19:14 | Scene-ConcertHall | 0h 0m 36s
10.15.2023 19:15 | Scene-ConcertHall | 0h 0m 35s
10.15.2023 19:17 | Scene-ConcertHall | 0h 0m 35s
10.15.2023 19:18 | Scene-ConcertHall | 0h 0m 35s
10.15.2023 19:20 | Scene-ConcertHall | 0h 0m 35s
10.15.2023 19:25 | Scene-ConcertHall | 0h 0m 35s
=======
10/15/2023 16:08 | Hall | 0h 0m 16s
10/15/2023 16:32 | Hall | 0h 0m 23s
10/15/2023 16:34 | Hall | 0h 0m 28s
10/15/2023 16:34 | Hall | 0h 0m 23s
10/15/2023 16:40 | Hall | 0h 0m 28s
10/15/2023 16:43 | example_lights | 0h 0m 20s
10/15/2023 16:47 | Hall | 0h 0m 27s
10/15/2023 16:49 | Hall | 0h 0m 26s
10/15/2023 16:50 | Hall | 0h 0m 26s
>>>>>>> Stashed changes
10.18.2023 00:35 | Scene-ConcertHall | 0h 2m 12s
10.18.2023 00:40 | Scene-ConcertHall | 0h 1m 34s
10.18.2023 00:54 | Scene-ConcertHall | 0h 1m 46s
10.18.2023 00:57 | Scene-ConcertHall | 0h 1m 40s
10.18.2023 16:26 | Scene-ConcertHall | 0h 2m 3s
10.18.2023 16:32 | Scene-ConcertHall | 0h 1m 40s
10.18.2023 18:32 | Scene-ConcertHall | 0h 1m 56s
10.18.2023 18:51 | Scene-ConcertHall | 0h 2m 14s
10.19.2023 00:06 | Scene-ConcertHall | 0h 1m 28s
10.19.2023 00:11 | Scene-ConcertHall | 0h 1m 19s
10.19.2023 00:19 | Scene-ConcertHall | 0h 3m 58s
10.19.2023 00:30 | Scene-ConcertHall | 0h 5m 13s
10.19.2023 00:42 | Scene-ConcertHall | 0h 4m 41s
10.19.2023 21:26 | Scene-ConcertHall | 0h 3m 39s
10.19.2023 21:36 | Scene-ConcertHall | 0h 2m 48s
10.19.2023 21:40 | Scene-ConcertHall | 0h 1m 56s
10.19.2023 21:45 | Scene-ConcertHall | 0h 2m 0s
10.19.2023 21:54 | Scene-ConcertHall | 0h 2m 36s
10.19.2023 22:00 | Scene-ConcertHall | 0h 2m 27s
10.19.2023 22:04 | Scene-ConcertHall | 0h 2m 35s
10.19.2023 22:08 | Scene-ConcertHall | 0h 2m 41s
10.19.2023 22:11 | Scene-ConcertHall | 0h 2m 36s
10.19.2023 22:15 | Scene-ConcertHall | 0h 2m 38s
10.19.2023 22:36 | Scene-ConcertHall | 0h 3m 9s
10.19.2023 22:44 | Scene-ConcertHall | 0h 3m 33s
10.19.2023 22:58 | Scene-ConcertHall | 0h 11m 42s
10.19.2023 23:14 | Scene-ConcertHall | 0h 11m 28s
10.20.2023 19:34 | Scene-ConcertHall | 0h 12m 11s
10.20.2023 20:12 | Scene-ConcertHall | 0h 11m 18s
10.20.2023 20:37 | Scene-ConcertHall | 0h 7m 39s
10.20.2023 23:07 | Scene-ConcertHall | 0h 7m 5s
10.20.2023 23:22 | Scene-ConcertHall | 0h 3m 3s
10.20.2023 23:27 | Scene-ConcertHall | 0h 2m 59s
10.20.2023 23:34 | Scene-ConcertHall | 0h 2m 45s
10.21.2023 00:09 | Scene-ConcertHall | 0h 2m 48s
10.21.2023 00:21 | Scene-ConcertHall | 0h 11m 47s
11.02.2023 01:09 | Scene-ConcertHall | 0h 7m 58s
11.02.2023 01:50 | Scene-ConcertHall | 0h 2m 39s
11.02.2023 01:55 | Scene-ConcertHall | 0h 2m 52s
11.02.2023 02:01 | Scene-ConcertHall | 0h 2m 47s
11.02.2023 02:07 | Scene-ConcertHall | 0h 2m 51s
11.02.2023 02:11 | Scene-ConcertHall | 0h 2m 51s
11.02.2023 02:17 | Scene-ConcertHall | 0h 2m 50s
11.02.2023 02:21 | Scene-ConcertHall | 0h 2m 23s
11.02.2023 02:25 | Scene-ConcertHall | 0h 2m 20s
11.02.2023 02:32 | Scene-ConcertHall | 0h 2m 46s
11.02.2023 02:45 | Scene-ConcertHall | 0h 10m 19s
11.04.2023 03:01 | Scene-ConcertHall1 | 0h 3m 32s
11.04.2023 03:06 | Scene-ConcertHall1 | 0h 1m 42s
11.04.2023 03:10 | Scene-ConcertHall1 | 0h 1m 43s
11.04.2023 03:16 | Scene-ConcertHall1 | 0h 1m 44s
11.04.2023 03:20 | Scene-ConcertHall1 | 0h 1m 45s
11.04.2023 03:23 | Scene-ConcertHall1 | 0h 1m 44s
11.04.2023 03:25 | Scene-ConcertHall1 | 0h 1m 16s
11.04.2023 03:28 | Scene-ConcertHall1 | 0h 1m 10s
11.04.2023 03:30 | Scene-ConcertHall1 | 0h 1m 11s
11.04.2023 03:32 | Scene-ConcertHall1 | 0h 1m 12s
11.04.2023 03:34 | Scene-ConcertHall1 | 0h 1m 11s
11.04.2023 03:37 | Scene-ConcertHall1 | 0h 1m 10s
11.04.2023 03:39 | Scene-ConcertHall1 | 0h 1m 11s
11.04.2023 03:41 | Scene-ConcertHall1 | 0h 1m 11s
11.04.2023 03:43 | Scene-ConcertHall1 | 0h 1m 11s
11.04.2023 03:49 | Scene-ConcertHall1 | 0h 3m 30s
11.04.2023 04:19 | Scene-ConcertHall1 | 0h 3m 25s
11.12.2023 22:32 | Scene-ConcertHall1 | 0h 6m 1s
11.12.2023 22:37 | Scene-ConcertHall1 | 0h 2m 29s
11.12.2023 22:43 | Scene-ConcertHall1 | 0h 2m 27s
11.12.2023 23:11 | Scene-ConcertHall1 | 0h 2m 41s
11.12.2023 23:23 | Scene-ConcertHall1 | 0h 2m 28s
11.13.2023 01:03 | Scene-ConcertHall1 | 0h 2m 46s
11.13.2023 01:07 | Scene-ConcertHall1 | 0h 2m 36s
11.13.2023 01:12 | Scene-ConcertHall1 | 0h 3m 38s
11.17.2023 17:09 | Scene-ConcertHall1 | 0h 1m 58s
11.17.2023 18:12 | Scene-ConcertHall1 | 0h 1m 49s
11.17.2023 18:20 | Scene-ConcertHall1 | 0h 1m 54s
11.17.2023 18:25 | Scene-ConcertHall1 | 0h 1m 57s
11.17.2023 18:28 | Scene-ConcertHall1 | 0h 1m 56s
11.17.2023 18:31 | Scene-ConcertHall1 | 0h 1m 54s
11.21.2023 04:18 | Scene-ConcertHall1 | 0h 3m 38s
12.19.2023 15:42 | Scene-ConcertHall1 | 0h 1m 42s
12.19.2023 17:52 | Scene-ConcertHall1 | 0h 1m 25s
12.19.2023 18:07 | Scene-ConcertHall1 | 0h 1m 54s
12.19.2023 18:10 | Scene-ConcertHall1 | 0h 1m 50s
12.19.2023 18:13 | Scene-ConcertHall1 | 0h 1m 51s
12.19.2023 18:17 | Scene-ConcertHall1 | 0h 1m 54s
12.19.2023 18:20 | Scene-ConcertHall1 | 0h 1m 53s
12.19.2023 21:30 | Scene-ConcertHall1 | 0h 2m 2s
12.19.2023 21:33 | Scene-ConcertHall1 | 0h 1m 58s
12.20.2023 01:26 | Scene-ConcertHall1 | 0h 2m 0s
12.20.2023 01:30 | Scene-ConcertHall1 | 0h 1m 56s
12.20.2023 01:43 | Scene-ConcertHall1 | 0h 2m 11s
12.20.2023 01:51 | Scene-ConcertHall1 | 0h 2m 1s
12.20.2023 01:55 | Scene-ConcertHall1 | 0h 2m 18s
12.20.2023 02:05 | Scene-ConcertHall1 | 0h 2m 4s
12.20.2023 10:43 | Scene-ConcertHall1 | 0h 1m 55s
12.20.2023 17:04 | Scene-ConcertHall1 | 0h 2m 8s
12.20.2023 20:48 | Scene-ConcertHall1 | 0h 1m 53s
12.20.2023 21:17 | Scene-ConcertHall1 | 0h 1m 50s
12.21.2023 13:23 | Scene-ConcertHall1 | 0h 2m 7s
12.21.2023 13:36 | Scene-ConcertHall1 | 0h 2m 13s
12.21.2023 14:42 | Scene-ConcertHall1 | 0h 1m 53s
12.21.2023 15:44 | Scene-ConcertHall1 | 0h 1m 53s
12.21.2023 18:22 | Scene-ConcertHall1 | 0h 2m 15s
12.21.2023 21:37 | Scene-ConcertHall1 | 0h 2m 3s
12.22.2023 00:34 | Scene-ConcertHall1 | 0h 4m 2s
12.22.2023 00:54 | Scene-ConcertHall1 | 0h 4m 33s
12.22.2023 01:00 | Scene-ConcertHall1 | 0h 4m 18s
12.22.2023 01:06 | Scene-ConcertHall1 | 0h 3m 59s
12.22.2023 01:40 | Scene-ConcertHall1 | 0h 2m 44s
12.23.2023 01:24 | Scene-ConcertHall1 | 0h 3m 34s
12.23.2023 12:11 | Scene-ConcertHall1 | 0h 3m 8s
12.23.2023 12:16 | Scene-ConcertHall1 | 0h 3m 22s
12.23.2023 12:21 | Scene-ConcertHall1 | 0h 3m 18s
12.23.2023 12:29 | Scene-ConcertHall1 | 0h 3m 19s
12.23.2023 12:34 | Scene-ConcertHall1 | 0h 3m 21s
12.23.2023 12:39 | Scene-ConcertHall1 | 0h 3m 19s
12.23.2023 13:24 | Scene-ConcertHall1 | 0h 3m 14s
12.23.2023 22:00 | Scene-ConcertHall1 | 0h 2m 58s
12.23.2023 22:08 | Scene-ConcertHall1 | 0h 3m 2s
12.23.2023 22:20 | Scene-ConcertHall1 | 0h 5m 31s
12.23.2023 22:39 | Scene-ConcertHall1 | 0h 5m 58s
12.23.2023 23:37 | Scene-ConcertHall1 | 0h 6m 52s
12.23.2023 23:46 | Scene-ConcertHall1 | 0h 2m 57s
12.23.2023 23:50 | Scene-ConcertHall1 | 0h 2m 56s
12.23.2023 23:55 | Scene-ConcertHall1 | 0h 2m 55s
12.24.2023 01:47 | Scene-ConcertHall1 | 0h 2m 52s
12.24.2023 01:54 | Scene-ConcertHall1 | 0h 6m 37s
12.26.2023 12:43 | RapAndVogue1 | 0h 3m 19s
12.26.2023 12:47 | RapAndVogue1 | 0h 2m 24s
12.26.2023 12:53 | RapAndVogue1 | 0h 2m 29s
12.26.2023 12:57 | RapAndVogue1 | 0h 2m 28s
12.26.2023 13:02 | RapAndVogue1 | 0h 2m 30s
12.26.2023 14:50 | RapAndVogue1 | 0h 2m 23s
12.26.2023 15:03 | RapAndVogue1 | 0h 2m 18s
12.26.2023 16:10 | RapAndVogue1 | 0h 2m 20s
12.26.2023 16:17 | RapAndVogue1 | 0h 5m 14s
12.26.2023 17:16 | RapAndVogue1 | 0h 2m 25s
12.26.2023 17:19 | RapAndVogue1 | 0h 2m 18s
12.26.2023 17:36 | RapAndVogue1 | 0h 4m 6s
12.26.2023 17:44 | RapAndVogue1 | 0h 4m 11s
12.26.2023 18:58 | RapAndVogue1 | 0h 4m 41s
12.26.2023 19:08 | RapAndVogue1 | 0h 5m 9s
12.26.2023 19:16 | RapAndVogue1 | 0h 5m 1s
12.27.2023 16:49 | RapAndVogue1 | 0h 5m 30s
12.27.2023 17:13 | RapAndVogue1 | 0h 20m 27s
12.29.2023 13:15 | RapAndVogue1 | 0h 4m 30s
12.29.2023 13:21 | RapAndVogue1 | 0h 4m 22s
12.29.2023 13:29 | RapAndVogue1 | 0h 4m 40s
12.29.2023 13:40 | RapAndVogue1 | 0h 10m 35s
12.29.2023 13:57 | RapAndVogue1 | 0h 13m 14s
